<?xml version="1.0" encoding="UTF-8"?>
<!-- Generated by org.testng.reporters.JUnitXMLReporter -->
<testsuite ignored="0" hostname="DESKTOP-CJ2TM4F" failures="0" tests="3" name="Test1" time="25.853" errors="0" timestamp="2024-06-07T20:43:19 IST">
  <testcase classname="com.comcast.generic.baseutility.BaseClass" name="@BeforeMethod configBM" time="0.022">
    <failure type="java.lang.NullPointerException" message="Cannot invoke &amp;quot;org.openqa.selenium.WebDriver.manage()&amp;quot; because &amp;quot;driver&amp;quot; is null">
      <![CDATA[java.lang.NullPointerException: Cannot invoke "org.openqa.selenium.WebDriver.manage()" because "driver" is null
at com.comcast.crm.generic.webdriverutility.WebDriverUtility.waitForPageLoad(WebDriverUtility.java:18)
at com.comcast.crm.generic.objectrepositoryutility.LoginPage.loginToapp(LoginPage.java:48)
at com.comcast.generic.baseutility.BaseClass.configBM(BaseClass.java:83)
at java.base/java.util.concurrent.ThreadPoolExecutor.runWorker(ThreadPoolExecutor.java:1136)
at java.base/java.util.concurrent.ThreadPoolExecutor$Worker.run(ThreadPoolExecutor.java:635)
at java.base/java.lang.Thread.run(Thread.java:840)
... Removed 16 stack frames]]>
    </failure>
  </testcase> <!-- @BeforeMethod configBM -->
  <testcase classname="com.comcast.generic.baseutility.BaseClass" name="@BeforeMethod configBM" time="0.022">
    <failure type="java.lang.NullPointerException" message="Cannot invoke &amp;quot;org.openqa.selenium.WebDriver.manage()&amp;quot; because &amp;quot;driver&amp;quot; is null">
      <![CDATA[java.lang.NullPointerException: Cannot invoke "org.openqa.selenium.WebDriver.manage()" because "driver" is null
at com.comcast.crm.generic.webdriverutility.WebDriverUtility.waitForPageLoad(WebDriverUtility.java:18)
at com.comcast.crm.generic.objectrepositoryutility.LoginPage.loginToapp(LoginPage.java:48)
at com.comcast.generic.baseutility.BaseClass.configBM(BaseClass.java:83)
at java.base/java.util.concurrent.ThreadPoolExecutor.runWorker(ThreadPoolExecutor.java:1136)
at java.base/java.util.concurrent.ThreadPoolExecutor$Worker.run(ThreadPoolExecutor.java:635)
at java.base/java.lang.Thread.run(Thread.java:840)
... Removed 16 stack frames]]>
    </failure>
  </testcase> <!-- @BeforeMethod configBM -->
  <testcase classname="com.comcast.generic.baseutility.BaseClass" name="@AfterMethod configAM" time="0.008">
    <failure type="java.lang.IllegalArgumentException" message="Driver must be set">
      <![CDATA[java.lang.IllegalArgumentException: Driver must be set
at org.openqa.selenium.internal.Require.nonNull(Require.java:60)
at org.openqa.selenium.interactions.Actions.<init>(Actions.java:59)
at com.comcast.crm.generic.objectrepositoryutility.HomePage.logout(HomePage.java:74)
at com.comcast.generic.baseutility.BaseClass.configAM(BaseClass.java:92)
at java.base/java.util.concurrent.ThreadPoolExecutor.runWorker(ThreadPoolExecutor.java:1136)
at java.base/java.util.concurrent.ThreadPoolExecutor$Worker.run(ThreadPoolExecutor.java:635)
at java.base/java.lang.Thread.run(Thread.java:840)
... Removed 17 stack frames]]>
    </failure>
  </testcase> <!-- @AfterMethod configAM -->
  <testcase classname="com.comcast.generic.baseutility.BaseClass" name="@AfterMethod configAM" time="0.007">
    <failure type="java.lang.IllegalArgumentException" message="Driver must be set">
      <![CDATA[java.lang.IllegalArgumentException: Driver must be set
at org.openqa.selenium.internal.Require.nonNull(Require.java:60)
at org.openqa.selenium.interactions.Actions.<init>(Actions.java:59)
at com.comcast.crm.generic.objectrepositoryutility.HomePage.logout(HomePage.java:74)
at com.comcast.generic.baseutility.BaseClass.configAM(BaseClass.java:92)
at java.base/java.util.concurrent.ThreadPoolExecutor.runWorker(ThreadPoolExecutor.java:1136)
at java.base/java.util.concurrent.ThreadPoolExecutor$Worker.run(ThreadPoolExecutor.java:635)
at java.base/java.lang.Thread.run(Thread.java:840)
... Removed 17 stack frames]]>
    </failure>
  </testcase> <!-- @AfterMethod configAM -->
  <testcase classname="co.comcast.crm.orgalltest.CreateOrganizationAllTest" name="createOrgWithPhoneNumber" time="0.0">
    <skipped/>
  </testcase> <!-- createOrgWithPhoneNumber -->
  <testcase classname="co.comcast.crm.orgalltest.CreateOrganizationAllTest" name="createOrgWithType" time="0.001">
    <skipped/>
  </testcase> <!-- createOrgWithType -->
  <testcase classname="co.comcast.crm.orgalltest.CreateOrganizationAllTest" name="createOrgMandatoryField" time="0.0">
    <skipped/>
  </testcase> <!-- createOrgMandatoryField -->
</testsuite> <!-- Test1 -->
